Using pre-set license
Built from '2020.3/staging' branch; Version is '2020.3.39f1 (fd6670bb8be9) revision 16606832'; Using compiler version '192528614'; Build Type 'Release'
OS: 'Windows 10  (10.0.17763) 64bit EnterpriseS' Language: 'ru' Physical Memory: 8072 MB
BatchMode: 1, IsHumanControllingUs: 0, StartBugReporterOnCrash: 0, Is64bit: 1, IsPro: 0

COMMAND LINE ARGUMENTS:
C:\Program Files\Unity\Hub\Editor\2020.3.39f1\Editor\Unity.exe
-adb2
-batchMode
-noUpm
-name
AssetImportWorker0
-projectPath
D:/Unity/-Unity1/rwrr21/Animation
-logFile
Logs/AssetImportWorker0.log
-srvPort
50830
Successfully changed project path to: D:/Unity/-Unity1/rwrr21/Animation
D:/Unity/-Unity1/rwrr21/Animation
Using Asset Import Pipeline V2.
Refreshing native plugins compatible for Editor in 101.97 ms, found 3 plugins.
Preloading 0 native plugins for Editor in 0.00 ms.
Initialize engine version: 2020.3.39f1 (fd6670bb8be9)
[Subsystems] Discovering subsystems at path C:/Program Files/Unity/Hub/Editor/2020.3.39f1/Editor/Data/Resources/UnitySubsystems
[Subsystems] Discovering subsystems at path D:/Unity/-Unity1/rwrr21/Animation/Assets
GfxDevice: creating device client; threaded=0
Direct3D:
    Version:  Direct3D 11.0 [level 11.1]
    Renderer: NVIDIA GeForce GTX 1050 (ID=0x1c91)
    Vendor:   
    VRAM:     2996 MB
    Driver:   31.0.15.1694
Initialize mono
Mono path[0] = 'C:/Program Files/Unity/Hub/Editor/2020.3.39f1/Editor/Data/Managed'
Mono path[1] = 'C:/Program Files/Unity/Hub/Editor/2020.3.39f1/Editor/Data/MonoBleedingEdge/lib/mono/unityjit'
Mono config path = 'C:/Program Files/Unity/Hub/Editor/2020.3.39f1/Editor/Data/MonoBleedingEdge/etc'
Using monoOptions --debugger-agent=transport=dt_socket,embedding=1,server=y,suspend=n,address=127.0.0.1:56360
Begin MonoManager ReloadAssembly
Registering precompiled unity dll's ...
Register platform support module: C:/Program Files/Unity/Hub/Editor/2020.3.39f1/Editor/Data/PlaybackEngines/WindowsStandaloneSupport/UnityEditor.WindowsStandalone.Extensions.dll
Registered in 0.002619 seconds.
Native extension for WindowsStandalone target not found
Refreshing native plugins compatible for Editor in 102.25 ms, found 3 plugins.
Preloading 0 native plugins for Editor in 0.00 ms.
Mono: successfully reloaded assembly
- Completed reload, in  1.419 seconds
Domain Reload Profiling:
	ReloadAssembly (1420ms)
		BeginReloadAssembly (163ms)
			ExecutionOrderSort (0ms)
			DisableScriptedObjects (0ms)
			BackupInstance (0ms)
			ReleaseScriptingObjects (0ms)
			CreateAndSetChildDomain (2ms)
		EndReloadAssembly (1110ms)
			LoadAssemblies (158ms)
			RebuildTransferFunctionScriptingTraits (0ms)
			SetupTypeCache (378ms)
			ReleaseScriptCaches (0ms)
			RebuildScriptCaches (71ms)
			SetupLoadedEditorAssemblies (408ms)
				LogAssemblyErrors (0ms)
				InitializePlatformSupportModulesInManaged (10ms)
				SetLoadedEditorAssemblies (1ms)
				RefreshPlugins (102ms)
				BeforeProcessingInitializeOnLoad (24ms)
				ProcessInitializeOnLoadAttributes (187ms)
				ProcessInitializeOnLoadMethodAttributes (83ms)
				AfterProcessingInitializeOnLoad (0ms)
				EditorAssembliesLoaded (0ms)
			ExecutionOrderSort2 (0ms)
			AwakeInstancesAfterBackupRestoration (0ms)
Platform modules already initialized, skipping
Registering precompiled user dll's ...
Registered in 0.005080 seconds.
Begin MonoManager ReloadAssembly
Native extension for WindowsStandalone target not found
Refreshing native plugins compatible for Editor in 125.75 ms, found 3 plugins.
Preloading 0 native plugins for Editor in 0.00 ms.
Mono: successfully reloaded assembly
- Completed reload, in  2.960 seconds
Domain Reload Profiling:
	ReloadAssembly (2962ms)
		BeginReloadAssembly (387ms)
			ExecutionOrderSort (0ms)
			DisableScriptedObjects (10ms)
			BackupInstance (0ms)
			ReleaseScriptingObjects (0ms)
			CreateAndSetChildDomain (50ms)
		EndReloadAssembly (2412ms)
			LoadAssemblies (271ms)
			RebuildTransferFunctionScriptingTraits (0ms)
			SetupTypeCache (857ms)
			ReleaseScriptCaches (1ms)
			RebuildScriptCaches (169ms)
			SetupLoadedEditorAssemblies (856ms)
				LogAssemblyErrors (0ms)
				InitializePlatformSupportModulesInManaged (9ms)
				SetLoadedEditorAssemblies (0ms)
				RefreshPlugins (126ms)
				BeforeProcessingInitializeOnLoad (183ms)
				ProcessInitializeOnLoadAttributes (468ms)
				ProcessInitializeOnLoadMethodAttributes (56ms)
				AfterProcessingInitializeOnLoad (15ms)
				EditorAssembliesLoaded (0ms)
			ExecutionOrderSort2 (0ms)
			AwakeInstancesAfterBackupRestoration (5ms)
Platform modules already initialized, skipping
========================================================================
Worker process is ready to serve import requests
Launched and connected shader compiler UnityShaderCompiler.exe after 0.19 seconds
Refreshing native plugins compatible for Editor in 1.52 ms, found 3 plugins.
Preloading 0 native plugins for Editor in 0.00 ms.
Unloading 2220 Unused Serialized files (Serialized files now loaded: 0)
System memory in use before: 97.5 MB.
System memory in use after: 97.4 MB.

Unloading 31 unused Assets to reduce memory usage. Loaded Objects now: 2652.
Total: 9.672800 ms (FindLiveObjects: 0.606900 ms CreateObjectMapping: 0.305900 ms MarkObjects: 8.378800 ms  DeleteObjects: 0.378500 ms)

AssetImportParameters requested are different than current active one (requested -> active):
  custom:framework-win-MediaFoundation: 216162199b28c13a410421893ffa2e32 -> 
  custom:video-decoder-ogg-theora: a1e56fd34408186e4bbccfd4996cb3dc -> 
  custom:container-muxer-webm: aa71ff27fc2769a1b78a27578f13a17b -> 
  custom:container-demuxer-webm: 4f35f7cbe854078d1ac9338744f61a02 -> 
  custom:container-demuxer-ogg: 62fdf1f143b41e24485cea50d1cbac27 -> 
  custom:video-encoder-webm-vp8: eb34c28f22e8b96e1ab97ce403110664 -> 
  custom:video-decoder-webm-vp8: 9c59270c3fd7afecdb556c50c9e8de78 -> 
  custom:audio-decoder-ogg-vorbis: bf7c407c2cedff20999df2af8eb42d56 -> 
  custom:audio-encoder-webm-vorbis: bf7c407c2cedff20999df2af8eb42d56 -> 
========================================================================
Received Import Request.
  path: Assets/Penguin.png
  artifactKey: Guid(ea4d44e1a3a9aae4e98aa48f953e27c5) Importer(815301076,1909f56bfc062723c751e8b465ee728b)
Start importing Assets/Penguin.png using Guid(ea4d44e1a3a9aae4e98aa48f953e27c5) Importer(815301076,1909f56bfc062723c751e8b465ee728b)  -> (artifact id: 'bdaa52f637a0bdab8465c4069b9ad7fa') in 1.058951 seconds 
========================================================================
Received Import Request.
  Time since last request: 0.000425 seconds.
  path: Assets/Boom.png
  artifactKey: Guid(4dfb5662dfc73a44d89c5687e6142455) Importer(815301076,1909f56bfc062723c751e8b465ee728b)
Start importing Assets/Boom.png using Guid(4dfb5662dfc73a44d89c5687e6142455) Importer(815301076,1909f56bfc062723c751e8b465ee728b)  -> (artifact id: 'e06150e0774dff0e310c8e5f38561882') in 0.069510 seconds 
========================================================================
Received Import Request.
  Time since last request: 8.912775 seconds.
  path: Assets/Penguin.png
  artifactKey: Guid(ea4d44e1a3a9aae4e98aa48f953e27c5) Importer(815301076,1909f56bfc062723c751e8b465ee728b)
Start importing Assets/Penguin.png using Guid(ea4d44e1a3a9aae4e98aa48f953e27c5) Importer(815301076,1909f56bfc062723c751e8b465ee728b)  -> (artifact id: '9e67015e7cdc80776af791b0e0eef577') in 0.046946 seconds 
========================================================================
Received Import Request.
  Time since last request: 35.144664 seconds.
  path: Assets/Penguin.png
  artifactKey: Guid(ea4d44e1a3a9aae4e98aa48f953e27c5) Importer(815301076,1909f56bfc062723c751e8b465ee728b)
Start importing Assets/Penguin.png using Guid(ea4d44e1a3a9aae4e98aa48f953e27c5) Importer(815301076,1909f56bfc062723c751e8b465ee728b)  -> (artifact id: '485d29efa381418850caf7d14a294b84') in 0.418787 seconds 
========================================================================
Received Import Request.
  Time since last request: 28.357484 seconds.
  path: Assets/Boom.png
  artifactKey: Guid(4dfb5662dfc73a44d89c5687e6142455) Importer(815301076,1909f56bfc062723c751e8b465ee728b)
Start importing Assets/Boom.png using Guid(4dfb5662dfc73a44d89c5687e6142455) Importer(815301076,1909f56bfc062723c751e8b465ee728b)  -> (artifact id: '34b9cff4426ee6ddda12d5be1d0938a0') in 0.022435 seconds 
========================================================================
Received Import Request.
  Time since last request: 13.163537 seconds.
  path: Assets/Boom.png
  artifactKey: Guid(4dfb5662dfc73a44d89c5687e6142455) Importer(815301076,1909f56bfc062723c751e8b465ee728b)
Start importing Assets/Boom.png using Guid(4dfb5662dfc73a44d89c5687e6142455) Importer(815301076,1909f56bfc062723c751e8b465ee728b)  -> (artifact id: 'ec5979ffaa7eb31b2c43afaab57cb6ba') in 0.444445 seconds 
AssetImportWorkerClient::OnTransportError - code=2 error=End of file
